\BOOKMARK [0][-]{section*.1}{\376\377\000D\000e\000c\000l\000a\000r\000a\000t\000i\000o\000n\000\040\000o\000f\000\040\000A\000u\000t\000h\000o\000r\000s\000h\000i\000p}{}% 1
\BOOKMARK [0][-]{section*.2}{\376\377\000A\000b\000s\000t\000r\000a\000c\000t}{}% 2
\BOOKMARK [0][-]{section*.3}{\376\377\000A\000c\000k\000n\000o\000w\000l\000e\000d\000g\000e\000m\000e\000n\000t\000s}{}% 3
\BOOKMARK [0][-]{chapter.13}{\376\377\000O\000v\000e\000r\000v\000i\000e\000w\000\040\000o\000f\000\040\000S\000t\000a\000n\000d\000a\000r\000d\000\040\000C\000o\000s\000m\000o\000l\000o\000g\000y}{}% 4
\BOOKMARK [1][-]{section.14}{\376\377\000G\000R}{chapter.13}% 5
\BOOKMARK [1][-]{section.15}{\376\377\000E\000a\000r\000l\000y\000\040\000U\000n\000i\000v\000e\000r\000s\000e}{chapter.13}% 6
\BOOKMARK [2][-]{subsection.16}{\376\377\000I\000n\000f\000l\000a\000t\000i\000o\000n}{section.15}% 7
\BOOKMARK [2][-]{subsection.17}{\376\377\000C\000M\000B}{section.15}% 8
\BOOKMARK [2][-]{subsection.18}{\376\377\000D\000a\000r\000k\000\040\000A\000g\000e\000s}{section.15}% 9
\BOOKMARK [2][-]{subsection.19}{\376\377\000B\000B\000N}{section.15}% 10
\BOOKMARK [1][-]{section.20}{\376\377\000D\000i\000s\000t\000a\000n\000c\000e\000s}{chapter.13}% 11
\BOOKMARK [2][-]{subsection.21}{\376\377\000H\000o\000r\000i\000z\000o\000n\000s}{section.20}% 12
\BOOKMARK [1][-]{section.22}{\376\377\000P\000e\000r\000t\000u\000r\000b\000a\000t\000i\000o\000n\000s}{chapter.13}% 13
\BOOKMARK [2][-]{subsection.23}{\376\377\000L\000C\000D\000M}{section.22}% 14
\BOOKMARK [2][-]{subsection.24}{\376\377\000C\000o\000s\000m\000o\000l\000o\000g\000i\000c\000a\000l\000\040\000c\000o\000n\000s\000t\000a\000n\000t}{section.22}% 15
\BOOKMARK [1][-]{section.25}{\376\377\000D\000a\000r\000k\000\040\000E\000n\000e\000r\000g\000y}{chapter.13}% 16
\BOOKMARK [2][-]{subsection.26}{\376\377\000Q\000u\000i\000n\000t\000e\000s\000s\000e\000n\000c\000e}{section.25}% 17
\BOOKMARK [2][-]{subsection.27}{\376\377\000N\000e\000u\000t\000r\000i\000n\000o\000s}{section.25}% 18
\BOOKMARK [2][-]{subsection.28}{\376\377\000D\000a\000r\000k\000\040\000M\000a\000t\000t\000e\000r}{section.25}% 19
\BOOKMARK [0][-]{chapter.29}{\376\377\000D\000a\000r\000k\000\040\000E\000n\000e\000r\000g\000y\000\040\000a\000n\000d\000\040\000M\000o\000d\000i\000f\000i\000e\000d\000\040\000G\000r\000a\000v\000i\000t\000y}{}% 20
\BOOKMARK [0][-]{chapter.30}{\376\377\000O\000b\000s\000e\000r\000v\000a\000b\000l\000e\000s\000\040\000a\000n\000d\000\040\000E\000x\000p\000e\000r\000i\000m\000e\000n\000t\000s\000\040\000i\000n\000\040\000C\000o\000s\000m\000o\000l\000o\000g\000y}{}% 21
\BOOKMARK [0][-]{chapter.31}{\376\377\000S\000t\000a\000t\000i\000s\000t\000i\000c\000s\000\040\000i\000n\000\040\000C\000o\000s\000m\000o\000l\000o\000g\000y}{}% 22
\BOOKMARK [0][-]{chapter.32}{\376\377\000T\000h\000e\000\040\000n\000o\000n\000-\000l\000i\000n\000e\000a\000r\000\040\000e\000v\000o\000l\000u\000t\000i\000o\000n\000\040\000o\000f\000\040\000m\000a\000t\000t\000e\000r\000\040\000p\000e\000r\000t\000u\000r\000b\000a\000t\000i\000o\000n\000s}{}% 23
\BOOKMARK [0][-]{chapter.33}{\376\377\000C\000o\000n\000c\000l\000u\000s\000i\000o\000n\000s}{}% 24
\BOOKMARK [0][-]{appendix.34}{\376\377\000A\000p\000p\000e\000n\000d\000i\000x\000\040\000T\000i\000t\000l\000e\000\040\000H\000e\000r\000e}{}% 25
